<?xml version="1.0" encoding="UTF-8"?>
<testng-results ignored="0" total="1" passed="1" failed="0" skipped="0">
  <reporter-output>
  </reporter-output>
  <suite started-at="2022-12-11T09:02:07Z" name="Default suite" finished-at="2022-12-11T09:02:12Z" duration-ms="4651">
    <groups>
    </groups>
    <test started-at="2022-12-11T09:02:07Z" name="Default test" finished-at="2022-12-11T09:02:12Z" duration-ms="4651">
      <class name="project.EndtoEndTest">
        <test-method signature="endtoendtest()[pri:0, instance:project.EndtoEndTest@573906eb]" started-at="2022-12-11T09:02:07Z" name="endtoendtest" finished-at="2022-12-11T09:02:12Z" duration-ms="4607" status="PASS">
          <reporter-output>
          </reporter-output>
        </test-method> <!-- endtoendtest -->
      </class> <!-- project.EndtoEndTest -->
    </test> <!-- Default test -->
  </suite> <!-- Default suite -->
</testng-results>
